Performing C SOURCE FILE Test Wno-unused-result failed with the following output:
Change Dir: /Users/lgxu/Pictures/yuanguangtest/FreeRDP-master-3/CMakeFiles/CMakeTmp

Run Build Command:/usr/local/bin/cmakexbuild -project CMAKE_TRY_COMPILE.xcodeproj build -target cmTryCompileExec961358458 -configuration Debug
2015-07-06 05:42:03.495 xcodebuild[10975:86110] warning:  The file reference for "CMakeLists.txt" is a member of multiple groups ("ALL_BUILD" and "cmTryCompileExec961358458"); this indicates a malformed project.  Only the membership in one of the groups will be preserved (but membership in targets will be unaffected).  If you want a reference to the same file in more than one group, please add another reference to the same path.
=== BUILD TARGET cmTryCompileExec961358458 OF PROJECT CMAKE_TRY_COMPILE WITH CONFIGURATION Debug ===

Check dependencies
target specifies product type 'com.apple.product-type.tool', but there's no such product type for the 'iphoneos' platform

** BUILD FAILED **


The following build commands failed:
	Check dependencies
(1 failure)

Source file was:
int main(void) { return 0; }
Performing C SOURCE FILE Test Wno-unused-but-set-variable failed with the following output:
Change Dir: /Users/lgxu/Pictures/yuanguangtest/FreeRDP-master-3/CMakeFiles/CMakeTmp

Run Build Command:/usr/local/bin/cmakexbuild -project CMAKE_TRY_COMPILE.xcodeproj build -target cmTryCompileExec1944420828 -configuration Debug
2015-07-06 05:42:04.483 xcodebuild[10995:86177] warning:  The file reference for "CMakeLists.txt" is a member of multiple groups ("ALL_BUILD" and "cmTryCompileExec1944420828"); this indicates a malformed project.  Only the membership in one of the groups will be preserved (but membership in targets will be unaffected).  If you want a reference to the same file in more than one group, please add another reference to the same path.
=== BUILD TARGET cmTryCompileExec1944420828 OF PROJECT CMAKE_TRY_COMPILE WITH CONFIGURATION Debug ===

Check dependencies
target specifies product type 'com.apple.product-type.tool', but there's no such product type for the 'iphoneos' platform

** BUILD FAILED **


The following build commands failed:
	Check dependencies
(1 failure)

Source file was:
int main(void) { return 0; }
Performing C SOURCE FILE Test Wno-deprecated-declarations failed with the following output:
Change Dir: /Users/lgxu/Pictures/yuanguangtest/FreeRDP-master-3/CMakeFiles/CMakeTmp

Run Build Command:/usr/local/bin/cmakexbuild -project CMAKE_TRY_COMPILE.xcodeproj build -target cmTryCompileExec963092253 -configuration Debug
2015-07-06 05:42:05.068 xcodebuild[11015:86222] warning:  The file reference for "CMakeLists.txt" is a member of multiple groups ("ALL_BUILD" and "cmTryCompileExec963092253"); this indicates a malformed project.  Only the membership in one of the groups will be preserved (but membership in targets will be unaffected).  If you want a reference to the same file in more than one group, please add another reference to the same path.
=== BUILD TARGET cmTryCompileExec963092253 OF PROJECT CMAKE_TRY_COMPILE WITH CONFIGURATION Debug ===

Check dependencies
target specifies product type 'com.apple.product-type.tool', but there's no such product type for the 'iphoneos' platform

** BUILD FAILED **


The following build commands failed:
	Check dependencies
(1 failure)

Source file was:
int main(void) { return 0; }
Determining if files sys/eventfd.h exist failed with the following output:
Change Dir: /Users/lgxu/Pictures/yuanguangtest/FreeRDP-master-3/CMakeFiles/CMakeTmp

Run Build Command:/usr/local/bin/cmakexbuild -project CMAKE_TRY_COMPILE.xcodeproj build -target cmTryCompileExec2668910849 -configuration Debug
2015-07-06 05:42:05.724 xcodebuild[11035:86264] warning:  The file reference for "CMakeLists.txt" is a member of multiple groups ("ALL_BUILD" and "cmTryCompileExec2668910849"); this indicates a malformed project.  Only the membership in one of the groups will be preserved (but membership in targets will be unaffected).  If you want a reference to the same file in more than one group, please add another reference to the same path.
=== BUILD TARGET cmTryCompileExec2668910849 OF PROJECT CMAKE_TRY_COMPILE WITH CONFIGURATION Debug ===

Check dependencies
target specifies product type 'com.apple.product-type.tool', but there's no such product type for the 'iphoneos' platform

** BUILD FAILED **


The following build commands failed:
	Check dependencies
(1 failure)

Source:
/* */
#include <sys/eventfd.h>


int main(){return 0;}

Determining if files sys/eventfd.h exist failed with the following output:
Change Dir: /Users/lgxu/Pictures/yuanguangtest/FreeRDP-master-3/CMakeFiles/CMakeTmp

Run Build Command:/usr/local/bin/cmakexbuild -project CMAKE_TRY_COMPILE.xcodeproj build -target cmTryCompileExec1427762975 -configuration Debug
2015-07-06 05:42:07.917 xcodebuild[11055:86314] warning:  The file reference for "CMakeLists.txt" is a member of multiple groups ("ALL_BUILD" and "cmTryCompileExec1427762975"); this indicates a malformed project.  Only the membership in one of the groups will be preserved (but membership in targets will be unaffected).  If you want a reference to the same file in more than one group, please add another reference to the same path.
=== BUILD TARGET cmTryCompileExec1427762975 OF PROJECT CMAKE_TRY_COMPILE WITH CONFIGURATION Debug ===

Check dependencies
target specifies product type 'com.apple.product-type.tool', but there's no such product type for the 'iphoneos' platform

** BUILD FAILED **


The following build commands failed:
	Check dependencies
(1 failure)

Source:
/* */
#include <sys/eventfd.h>


int main(){return 0;}

Determining if files sys/timerfd.h exist failed with the following output:
Change Dir: /Users/lgxu/Pictures/yuanguangtest/FreeRDP-master-3/CMakeFiles/CMakeTmp

Run Build Command:/usr/local/bin/cmakexbuild -project CMAKE_TRY_COMPILE.xcodeproj build -target cmTryCompileExec2170678611 -configuration Debug
2015-07-06 05:42:08.507 xcodebuild[11075:86358] warning:  The file reference for "CMakeLists.txt" is a member of multiple groups ("ALL_BUILD" and "cmTryCompileExec2170678611"); this indicates a malformed project.  Only the membership in one of the groups will be preserved (but membership in targets will be unaffected).  If you want a reference to the same file in more than one group, please add another reference to the same path.
=== BUILD TARGET cmTryCompileExec2170678611 OF PROJECT CMAKE_TRY_COMPILE WITH CONFIGURATION Debug ===

Check dependencies
target specifies product type 'com.apple.product-type.tool', but there's no such product type for the 'iphoneos' platform

** BUILD FAILED **


The following build commands failed:
	Check dependencies
(1 failure)

Source:
/* */
#include <sys/timerfd.h>


int main(){return 0;}

Determining if the function pthread_tryjoin_np exists in the pthread failed with the following output:
Change Dir: /Users/lgxu/Pictures/yuanguangtest/FreeRDP-master-3/CMakeFiles/CMakeTmp

Run Build Command:/usr/local/bin/cmakexbuild -project CMAKE_TRY_COMPILE.xcodeproj build -target cmTryCompileExec3764571943 -configuration Debug
2015-07-06 05:42:10.326 xcodebuild[11098:86409] warning:  The file reference for "CMakeLists.txt" is a member of multiple groups ("ALL_BUILD" and "cmTryCompileExec3764571943"); this indicates a malformed project.  Only the membership in one of the groups will be preserved (but membership in targets will be unaffected).  If you want a reference to the same file in more than one group, please add another reference to the same path.
=== BUILD TARGET cmTryCompileExec3764571943 OF PROJECT CMAKE_TRY_COMPILE WITH CONFIGURATION Debug ===

Check dependencies
target specifies product type 'com.apple.product-type.tool', but there's no such product type for the 'iphoneos' platform

** BUILD FAILED **


The following build commands failed:
	Check dependencies
(1 failure)


